<?xml version="1.0" encoding="UTF-8"?>
<!-- Generated by org.testng.reporters.JUnitReportReporter -->
<testsuite hostname="DESKTOP-FTLN6IA" failures="0" tests="1" name="Selenium.TestNg" time="158.208" errors="0" timestamp="2023-09-26T16:46:10 IST" skipped="0">
  <testcase classname="Selenium.TestNg" name="testCase1" time="158.208"/>
</testsuite> <!-- Selenium.TestNg -->
